
Showing logs for build [32mcb-kubecd-bdd-gh-1582008045-pr-wzgtk-1[0m stage [32mfrom-build-pack[0m and container [32mstep-credential-initializer-vj9mt[0m
{"level":"warn","ts":1582008642.5802195,"logger":"fallback-logger","caller":"logging/config.go:69","msg":"Fetch GitHub commit ID from kodata failed: \"ref: refs/heads/0.8.0-**-support-backwards-incompats\" is not a valid GitHub commit ID"}
{"level":"info","ts":1582008642.5808153,"logger":"fallback-logger","caller":"creds-init/main.go:40","msg":"Credentials initialized."}

Showing logs for build [32mcb-kubecd-bdd-gh-1582008045-pr-wzgtk-1[0m stage [32mfrom-build-pack[0m and container [32mstep-working-dir-initializer-fpvb9[0m
{"level":"warn","ts":1582008643.971195,"logger":"fallback-logger","caller":"logging/config.go:69","msg":"Fetch GitHub commit ID from kodata failed: open /var/run/ko/HEAD: no such file or directory"}
{"level":"info","ts":1582008643.972857,"logger":"fallback-logger","caller":"bash/main.go:64","msg":"Successfully executed command \"sh -c mkdir -p /workspace/source\"; output "}

Showing logs for build [32mcb-kubecd-bdd-gh-1582008045-pr-wzgtk-1[0m stage [32mfrom-build-pack[0m and container [32mstep-place-tools[0m

Showing logs for build [32mcb-kubecd-bdd-gh-1582008045-pr-wzgtk-1[0m stage [32mfrom-build-pack[0m and container [32mstep-git-source-cb-kubecd-bdd-gh-1582008045-pr-wzgtk-w878v[0m
{"level":"warn","ts":1582008650.1799064,"logger":"fallback-logger","caller":"logging/config.go:69","msg":"Fetch GitHub commit ID from kodata failed: \"ref: refs/heads/0.8.0-**-support-backwards-incompats\" is not a valid GitHub commit ID"}
{"level":"info","ts":1582008651.3240032,"logger":"fallback-logger","caller":"git/git.go:103","msg":"Successfully cloned https://github.com/cb-kubecd/bdd-gh-1582008045.git @ master in path /workspace/source"}

Showing logs for build [32mcb-kubecd-bdd-gh-1582008045-pr-wzgtk-1[0m stage [32mfrom-build-pack[0m and container [32mstep-git-merge[0m
Using SHAs from PULL_REFS=master:452d4c20b8cf9cde25bb00d00b64ceb791053dc4,1:78c0063cb6e40cdafe97995c9b668504e39773fe
DEBUG: LC_ALL=C JX_LOG_LEVEL=error git fetch origin --unshallow 78c0063cb6e40cdafe97995c9b668504e39773fe: 452d4c20b8cf9cde25bb00d00b64ceb791053dc4:
DEBUG: ran git fetch --unshallow origin 78c0063cb6e40cdafe97995c9b668504e39773fe: 452d4c20b8cf9cde25bb00d00b64ceb791053dc4: in 
DEBUG: LC_ALL=C JX_LOG_LEVEL=error git branch
DEBUG: LC_ALL=C JX_LOG_LEVEL=error git checkout master
DEBUG: ran git checkout master in 
DEBUG: LC_ALL=C JX_LOG_LEVEL=error git reset --hard 452d4c20b8cf9cde25bb00d00b64ceb791053dc4
DEBUG: ran git reset --hard 452d4c20b8cf9cde25bb00d00b64ceb791053dc4 in 
DEBUG: LC_ALL=C JX_LOG_LEVEL=error git clean -fd .
DEBUG: ran clean --force -d . in 
DEBUG: LC_ALL=C JX_LOG_LEVEL=error git merge 78c0063cb6e40cdafe97995c9b668504e39773fe
DEBUG: ran git merge 78c0063cb6e40cdafe97995c9b668504e39773fe in 
DEBUG: LC_ALL=C JX_LOG_LEVEL=error git log --format=%H%x1f%an%x1f%ae%x1f%cn%x1f%ce%x1f%s%n%b%x1e 452d4c20b8cf9cde25bb00d00b64ceb791053dc4..HEAD
Merged SHA 78c0063cb6e40cdafe97995c9b668504e39773fe with commit message 'My first PR commit' into base branch master

Showing logs for build [32mcb-kubecd-bdd-gh-1582008045-pr-wzgtk-1[0m stage [32mfrom-build-pack[0m and container [32mstep-build-make-linux[0m
CGO_ENABLED=0 GOOS=linux GOARCH=amd64 GO15VENDOREXPERIMENT=1 go build -ldflags '' -o bin/bdd-gh-1582008045 main.go

Showing logs for build [32mcb-kubecd-bdd-gh-1582008045-pr-wzgtk-1[0m stage [32mfrom-build-pack[0m and container [32mstep-build-container-build[0m
[36mINFO[0m[0000] No base image, nothing to extract            
[36mINFO[0m[0000] cmd: EXPOSE                                  
[36mINFO[0m[0000] Adding exposed port: 8080/tcp                
[36mINFO[0m[0000] Using files from context: [/workspace/source/bin] 
[36mINFO[0m[0000] Skipping unpacking as no commands require it. 
[36mINFO[0m[0000] Taking snapshot of full filesystem...        
[36mINFO[0m[0000] EXPOSE 8080                                  
[36mINFO[0m[0000] cmd: EXPOSE                                  
[36mINFO[0m[0000] Adding exposed port: 8080/tcp                
[36mINFO[0m[0000] No files changed in this command, skipping snapshotting. 
[36mINFO[0m[0000] ENTRYPOINT ["/bdd-gh-1582008045"]            
[36mINFO[0m[0000] No files changed in this command, skipping snapshotting. 
[36mINFO[0m[0000] Using files from context: [/workspace/source/bin] 
[36mINFO[0m[0000] COPY ./bin/ /                                
[36mINFO[0m[0000] Taking snapshot of files...                  
2020/02/18 06:51:08 pushed blob: sha256:7df925d9a5fef1cc8e4b16036d89f8d67bad11c6681a3d82080c1bb5033f2630
2020/02/18 06:51:08 pushed blob: sha256:1ccc55e39994cb1a2df77221417e121bb6a51d89e72a3780a1e2f43998ffe973
2020/02/18 06:51:10 gcr.io/jenkins-x-bdd3/bdd-gh-1582008045:0.0.0-SNAPSHOT-PR-1-1: digest: sha256:efabf78a9eacff7fe27929f6399550cffd4c9ed13bba412a2212ae35d21497a8 size: 428

Showing logs for build [32mcb-kubecd-bdd-gh-1582008045-pr-wzgtk-1[0m stage [32mfrom-build-pack[0m and container [32mstep-postbuild-post-build[0m
no CVE provider running in the current ** namespace so skip adding image to be analysed

Showing logs for build [32mcb-kubecd-bdd-gh-1582008045-pr-wzgtk-1[0m stage [32mfrom-build-pack[0m and container [32mstep-promote-make-preview[0m
sed -i -e "s/version:.*/version: 0.0.0-SNAPSHOT-PR-1-1/" Chart.yaml
sed -i -e "s/version:.*/version: 0.0.0-SNAPSHOT-PR-1-1/" ../*/Chart.yaml
sed -i -e "s|repository:.*|repository: gcr.io\/jenkins-x-bdd3\/bdd-gh-1582008045|" values.yaml
sed -i -e "s/tag:.*/tag: 0.0.0-SNAPSHOT-PR-1-1/" values.yaml
echo "  version: 0.0.0-SNAPSHOT-PR-1-1" >> requirements.yaml
** step helm build
WARNING: No $CHART_REPOSITORY defined so using the default value of: http://jenkins-x-chartmuseum:8080
Adding missing Helm repo: storage.googleapis.com https://storage.googleapis.com/chartmuseum.jenkins-x.io
WARNING: No secrets found on "helm/repos" due: reading the secret "helm/repos" from vault: no secret "helm/repos" not found in vault
Read credentials for https://storage.googleapis.com/chartmuseum.jenkins-x.io from vault helm/repos
Successfully added Helm repository storage.googleapis.com.
Adding missing Helm repo: jenkins-x-chartmuseum http://jenkins-x-chartmuseum:8080
WARNING: No secrets found on "helm/repos" due: reading the secret "helm/repos" from vault: no secret "helm/repos" not found in vault
Read credentials for http://jenkins-x-chartmuseum:8080 from vault helm/repos
Successfully added Helm repository jenkins-x-chartmuseum.
WARNING: No $CHART_REPOSITORY defined so using the default value of: http://jenkins-x-chartmuseum:8080
Adding missing Helm repo: chartmuseum.jenkins-x.io http://chartmuseum.jenkins-x.io
WARNING: No secrets found on "helm/repos" due: reading the secret "helm/repos" from vault: no secret "helm/repos" not found in vault
Read credentials for http://chartmuseum.jenkins-x.io from vault helm/repos
Successfully added Helm repository chartmuseum.jenkins-x.io.

Showing logs for build [32mcb-kubecd-bdd-gh-1582008045-pr-wzgtk-1[0m stage [32mfrom-build-pack[0m and container [32mstep-promote-jx-preview[0m
Creating a preview
Created environment cb-kubecd-bdd-gh-1582008045-pr-1
Namespace **-cb-kubecd-bdd-gh-1582008045-pr-1 created 
expose:
  Annotations:
    helm.sh/hook: post-install,post-upgrade
    helm.sh/hook-delete-policy: hook-succeeded
  config:
    domain: 35.233.57.66.nip.io
    exposer: Ingress
    http: "true"
preview:
  image:
    repository: gcr.io/jenkins-x-bdd3/bdd-gh-1582008045
    tag: 0.0.0-SNAPSHOT-PR-1-1

Updating PipelineActivities cb-kubecd-bdd-gh-1582008045-pr-1-1 which has status Running
WARNING: preview application http://bdd-gh-1582008045.**-cb-kubecd-bdd-gh-1582008045-pr-1.35.233.57.66.nip.io not available, error was 503 503 Service Temporarily Unavailable, delaying for: 1.229180727s
Preview application is now available at: http://bdd-gh-1582008045.**-cb-kubecd-bdd-gh-1582008045-pr-1.35.233.57.66.nip.io
